<?xml version="1.0" encoding="utf-8"?><testsuites name="pytest tests"><testsuite name="pytest" errors="0" failures="0" skipped="0" tests="18" time="1.451" timestamp="2026-07-05T14:34:35.883749+00:00" hostname="agent-env-42e22905-5a3b-435f-acff-62ee44f35c25"><testcase classname="test_foreign_affairs.TestFlightsShape" name="test_list_flights_seeded" time="0.289" /><testcase classname="test_foreign_affairs.TestFlightsShape" name="test_flights_sorted_by_departure" time="0.000" /><testcase classname="test_foreign_affairs.TestFlightsShape" name="test_each_flight_has_three_classes" time="0.000" /><testcase classname="test_foreign_affairs.TestFlightsShape" name="test_each_flight_has_16_seats" time="0.000" /><testcase classname="test_foreign_affairs.TestBookings" name="test_economy_walkin" time="0.161" /><testcase classname="test_foreign_affairs.TestBookings" name="test_business_specific_seat" time="0.152" /><testcase classname="test_foreign_affairs.TestBookings" name="test_first_two_booths" time="0.147" /><testcase classname="test_foreign_affairs.TestBookings" name="test_double_book_409" time="0.095" /><testcase classname="test_foreign_affairs.TestBookings" name="test_wrong_class_seat_400" time="0.047" /><testcase classname="test_foreign_affairs.TestBookings" name="test_empty_seat_labels_business_400" time="0.048" /><testcase classname="test_foreign_affairs.TestBookings" name="test_empty_seat_labels_first_400" time="0.049" /><testcase classname="test_foreign_affairs.TestBookings" name="test_unknown_seat_400" time="0.051" /><testcase classname="test_foreign_affairs.TestBookings" name="test_invalid_class_400" time="0.049" /><testcase classname="test_foreign_affairs.TestBookings" name="test_unknown_flight_404" time="0.062" /><testcase classname="test_foreign_affairs.TestBookings" name="test_get_bookings_by_phone" time="0.050" /><testcase classname="test_foreign_affairs.TestBookings" name="test_get_booking_by_id" time="0.053" /><testcase classname="test_foreign_affairs.TestBookings" name="test_get_booking_unknown_404" time="0.050" /><testcase classname="test_foreign_affairs.TestBookings" name="test_get_flight_unknown_404" time="0.058" /></testsuite></testsuites>