<?xml version="1.0" encoding="utf-8"?><testsuites name="pytest tests"><testsuite name="pytest" errors="0" failures="0" skipped="0" tests="13" time="0.776" timestamp="2026-07-05T13:49:16.264687+00:00" hostname="agent-env-42e22905-5a3b-435f-acff-62ee44f35c25"><testcase classname="backend.tests.test_foreign_affairs.TestFlights" name="test_list_flights_seeded" time="0.202" /><testcase classname="backend.tests.test_foreign_affairs.TestFlights" name="test_flights_sorted_by_departure" time="0.000" /><testcase classname="backend.tests.test_foreign_affairs.TestFlights" name="test_each_flight_has_three_classes" time="0.000" /><testcase classname="backend.tests.test_foreign_affairs.TestFlights" name="test_get_single_flight" time="0.043" /><testcase classname="backend.tests.test_foreign_affairs.TestFlights" name="test_get_unknown_flight_404" time="0.041" /><testcase classname="backend.tests.test_foreign_affairs.TestBookings" name="test_create_booking_economy" time="0.084" /><testcase classname="backend.tests.test_foreign_affairs.TestBookings" name="test_create_booking_business_single" time="0.045" /><testcase classname="backend.tests.test_foreign_affairs.TestBookings" name="test_invalid_class_400" time="0.040" /><testcase classname="backend.tests.test_foreign_affairs.TestBookings" name="test_unknown_flight_404" time="0.041" /><testcase classname="backend.tests.test_foreign_affairs.TestBookings" name="test_overbook_409" time="0.040" /><testcase classname="backend.tests.test_foreign_affairs.TestBookings" name="test_get_bookings_by_phone" time="0.041" /><testcase classname="backend.tests.test_foreign_affairs.TestBookings" name="test_get_booking_by_id" time="0.043" /><testcase classname="backend.tests.test_foreign_affairs.TestBookings" name="test_get_booking_unknown_404" time="0.081" /></testsuite></testsuites>