<?xml version="1.0" encoding="utf-8"?><testsuites name="pytest tests"><testsuite name="pytest" errors="0" failures="0" skipped="0" tests="20" time="2.087" timestamp="2026-07-05T15:18:40.212012+00:00" hostname="agent-env-42e22905-5a3b-435f-acff-62ee44f35c25"><testcase classname="backend.tests.test_admin_iter3.TestPublicFlights" name="test_list_includes_past_and_upcoming_sorted" time="0.249" /><testcase classname="backend.tests.test_admin_iter3.TestPublicFlights" name="test_upcoming_present" time="0.050" /><testcase classname="backend.tests.test_admin_iter3.TestVerifyPin" name="test_valid" time="0.047" /><testcase classname="backend.tests.test_admin_iter3.TestVerifyPin" name="test_invalid" time="0.045" /><testcase classname="backend.tests.test_admin_iter3.TestVerifyPin" name="test_empty" time="0.045" /><testcase classname="backend.tests.test_admin_iter3.TestAdminAuth" name="test_list_without_pin" time="0.047" /><testcase classname="backend.tests.test_admin_iter3.TestAdminAuth" name="test_list_wrong_pin" time="0.045" /><testcase classname="backend.tests.test_admin_iter3.TestAdminAuth" name="test_list_correct_pin" time="0.049" /><testcase classname="backend.tests.test_admin_iter3.TestAdminAuth" name="test_create_requires_pin" time="0.045" /><testcase classname="backend.tests.test_admin_iter3.TestAdminAuth" name="test_update_requires_pin" time="0.045" /><testcase classname="backend.tests.test_admin_iter3.TestAdminAuth" name="test_delete_requires_pin" time="0.046" /><testcase classname="backend.tests.test_admin_iter3.TestAdminAuth" name="test_reset_requires_pin" time="0.046" /><testcase classname="backend.tests.test_admin_iter3.TestAdminCreate" name="test_create_flight_generates_seats" time="0.242" /><testcase classname="backend.tests.test_admin_iter3.TestAdminCreate" name="test_create_clamps_business_and_first" time="0.047" /><testcase classname="backend.tests.test_admin_iter3.TestAdminUpdate" name="test_update_preserves_booked_seats" time="0.148" /><testcase classname="backend.tests.test_admin_iter3.TestAdminReset" name="test_reset_seats_clears_bookings" time="0.139" /><testcase classname="backend.tests.test_admin_iter3.TestAdminDelete" name="test_delete_flight" time="0.141" /><testcase classname="backend.tests.test_admin_iter3.TestAdminDelete" name="test_delete_missing" time="0.046" /><testcase classname="backend.tests.test_admin_iter3.TestPastFlightBooking" name="test_booking_past_flight_returns_400" time="0.094" /><testcase classname="backend.tests.test_admin_iter3.TestPastFlightBooking" name="test_booking_upcoming_still_works" time="0.370" /></testsuite></testsuites>